tajiapp/app/build/outputs/logs/manifest-merger-release-report.txt
-- Merging decision tree log ---
manifest
ADDED from src\main\AndroidManifest.xml:2:1-71:12
	xmlns:android
		ADDED from src\main\AndroidManifest.xml:2:11-69
	package
		ADDED from src\main\AndroidManifest.xml:3:5-33
		INJECTED from src\main\AndroidManifest.xml
		INJECTED from src\main\AndroidManifest.xml
	android:versionName
		ADDED from src\main\AndroidManifest.xml:5:5-30
		INJECTED from src\main\AndroidManifest.xml
		INJECTED from src\main\AndroidManifest.xml
	android:versionCode
		ADDED from src\main\AndroidManifest.xml:4:5-28
		INJECTED from src\main\AndroidManifest.xml
		INJECTED from src\main\AndroidManifest.xml
uses-sdk
ADDED from src\main\AndroidManifest.xml:7:5-44
MERGED from [com.android.support:support-v4:23.1.1] AndroidManifest.xml:20:5-43
	android:targetSdkVersion
		INJECTED from src\main\AndroidManifest.xml
		INJECTED from src\main\AndroidManifest.xml
	android:minSdkVersion
		ADDED from src\main\AndroidManifest.xml:7:15-41
		INJECTED from src\main\AndroidManifest.xml
		INJECTED from src\main\AndroidManifest.xml
uses-permission#android.permission.ACCESS_COARSE_LOCATION
ADDED from src\main\AndroidManifest.xml:11:5-81
	android:name
		ADDED from src\main\AndroidManifest.xml:11:22-78
uses-permission#android.permission.CHANGE_WIFI_STATE
ADDED from src\main\AndroidManifest.xml:13:5-76
	android:name
		ADDED from src\main\AndroidManifest.xml:13:22-73
uses-permission#android.permission.WRITE_EXTERNAL_STORAGE
ADDED from src\main\AndroidManifest.xml:16:5-81
	android:name
		ADDED from src\main\AndroidManifest.xml:16:22-78
uses-permission#android.permission.ACCESS_NETWORK_STATE
ADDED from src\main\AndroidManifest.xml:17:5-79
	android:name
		ADDED from src\main\AndroidManifest.xml:17:22-76
uses-permission#android.permission.ACCESS_WIFI_STATE
ADDED from src\main\AndroidManifest.xml:18:5-76
	android:name
		ADDED from src\main\AndroidManifest.xml:18:22-73
uses-permission#android.permission.INTERNET
ADDED from src\main\AndroidManifest.xml:19:5-67
	android:name
		ADDED from src\main\AndroidManifest.xml:19:22-64
uses-permission#android.permission.ACCESS_FINE_LOCATION
ADDED from src\main\AndroidManifest.xml:22:5-79
	android:name
		ADDED from src\main\AndroidManifest.xml:22:22-76
application
ADDED from src\main\AndroidManifest.xml:24:5-69:19
MERGED from [com.android.support:support-v4:23.1.1] AndroidManifest.xml:22:5-20
	android:label
		ADDED from src\main\AndroidManifest.xml:27:9-41
	android:icon
		ADDED from src\main\AndroidManifest.xml:26:9-45
	android:name
		ADDED from src\main\AndroidManifest.xml:25:9-56
service#com.amap.api.location.APSService
ADDED from src\main\AndroidManifest.xml:28:9-76
	android:name
		ADDED from src\main\AndroidManifest.xml:28:18-65
meta-data#com.amap.api.v2.apikey
ADDED from src\main\AndroidManifest.xml:30:9-32:74
	android:name
		ADDED from src\main\AndroidManifest.xml:31:13-50
	android:value
		ADDED from src\main\AndroidManifest.xml:32:13-61
activity#com.zhangqing.taji.activities.TajiappActivity
ADDED from src\main\AndroidManifest.xml:34:9-43:20
	android:label
		ADDED from src\main\AndroidManifest.xml:36:13-45
	android:theme
		ADDED from src\main\AndroidManifest.xml:37:13-61
	android:name
		ADDED from src\main\AndroidManifest.xml:35:13-55
intent-filter#android.intent.action.MAIN+android.intent.category.LAUNCHER
ADDED from src\main\AndroidManifest.xml:38:13-42:29
action#android.intent.action.MAIN
ADDED from src\main\AndroidManifest.xml:39:17-69
	android:name
		ADDED from src\main\AndroidManifest.xml:39:25-66
category#android.intent.category.LAUNCHER
ADDED from src\main\AndroidManifest.xml:41:17-77
	android:name
		ADDED from src\main\AndroidManifest.xml:41:27-74
activity#com.zhangqing.taji.activities.LoginActivity
ADDED from src\main\AndroidManifest.xml:44:9-47:72
	android:label
		ADDED from src\main\AndroidManifest.xml:46:13-45
	android:theme
		ADDED from src\main\AndroidManifest.xml:47:13-60
	android:name
		ADDED from src\main\AndroidManifest.xml:45:13-53
activity#com.zhangqing.taji.activities.PublishActivity
ADDED from src\main\AndroidManifest.xml:48:9-53:84
	android:windowSoftInputMode
		ADDED from src\main\AndroidManifest.xml:52:13-73
	android:label
		ADDED from src\main\AndroidManifest.xml:50:13-45
	android:configChanges
		ADDED from src\main\AndroidManifest.xml:51:13-63
	android:theme
		ADDED from src\main\AndroidManifest.xml:53:13-72
	android:name
		ADDED from src\main\AndroidManifest.xml:49:13-55
activity#com.zhangqing.taji.activities.RegisterFirstActivity
ADDED from src\main\AndroidManifest.xml:54:9-59:25
	android:windowSoftInputMode
		ADDED from src\main\AndroidManifest.xml:58:13-71
	android:label
		ADDED from src\main\AndroidManifest.xml:56:13-45
	android:theme
		ADDED from src\main\AndroidManifest.xml:57:13-60
	android:name
		ADDED from src\main\AndroidManifest.xml:55:13-61
activity#com.zhangqing.taji.activities.RegisterSecondActivity
ADDED from src\main\AndroidManifest.xml:60:9-64:72
	android:label
		ADDED from src\main\AndroidManifest.xml:63:13-45
	android:configChanges
		ADDED from src\main\AndroidManifest.xml:62:13-51
	android:theme
		ADDED from src\main\AndroidManifest.xml:64:13-60
	android:name
		ADDED from src\main\AndroidManifest.xml:61:13-62
activity#com.zhangqing.taji.activities.RegisterThirdActivity
ADDED from src\main\AndroidManifest.xml:65:9-68:72
	android:label
		ADDED from src\main\AndroidManifest.xml:67:13-45
	android:theme
		ADDED from src\main\AndroidManifest.xml:68:13-60
	android:name
		ADDED from src\main\AndroidManifest.xml:66:13-61